2025-06-18 18:01:45 - POST Data: Array
(
    [first_name] => admin
    [email] => test@gmail.com
    [phone] => 4578963245
    [street_address] => testhsdkdsdf
    [notes] => 
    [selected_shipping_cost] => 200
    [selected_shipping_name] => Express Shipping
    [submit] => Place Order
)

2025-06-18 18:02:12 - POST Data: Array
(
    [first_name] => admin
    [email] => test@gmail.com
    [phone] => 4578963245
    [street_address] => testhsdkdsdf
    [notes] => 
    [selected_shipping_cost] => 200
    [selected_shipping_name] => Express Shipping
    [submit] => Place Order
)

2025-06-18 18:03:33 - POST Data: Array
(
    [first_name] => admin
    [email] => test@gmail.com
    [phone] => 4578963245
    [street_address] => testhsdkdsdf
    [notes] => 
    [selected_shipping_cost] => 200
    [selected_shipping_name] => Express Shipping
    [submit] => Place Order
)

2025-06-19 11:25:04 - POST Data: Array
(
    [first_name] => Uttam
    [email] => uttam1960@gmail.com
    [phone] => 08340755567
    [street_address] => Villa-160,Okay Plus,Exotica, Sushant City 1,Kalwar Road, Jaipur
    [notes] => 
    [selected_shipping_cost] => 200
    [selected_shipping_name] => Express Shipping
    [submit] => Place Order
)

